-483
-764
-617
168
-216
361
87
-15
229
-226
-474
-1
-10
-42
460
421
-314
-207
721
-352
-705
-209
-87
554
-206
296
-72
73
-529
141
361
150
-407
-148
-159
-19
-138
151
-351
252
48
224
208
-131
-72
-463
124
-368
-237
334
344
-383
-292
677
-155
-248
-273
-413
-533
-412
136
421
-419
649
-293
-308
-312
18
322
-366
-517
-49
480
230
-11
50
142
50
-631
-247
-247
276
791
-437
58
-82
1
57
-46
-326
-107
-175
-5
446
-28
-781
387
42
78
438
122
-710
-460
346
-629
216
511
33
351
-279
-800
-624
-830
347
-440
-392
386
-50
-74
47
-268
105
-512
-155
348
-575
-19
291
-645
274
-413
-10
122
132
434
243
-349
197
-420
185
-235
-57
-674
359
435
-652
390
365
0
272
-140
-628
283
-189
-585
457
-632
479
174
256
-815
-532
-588
308
91
-230
-61
-180
113
0
304
352
53
-376
-68
241
-328
624
394
-179
149
-255
573
-345
71
-396
-264
-827
-227
326
-378
-20
-828
-489
393
329
719
182
-364
247
85
74
-96
-1
-148
-789
622
-167
514
-433
-735
-620
-528
360
798
-850
-245
-95
-741
-520
-565
-551
257
-358
-574
301
-604
236
-140
408
-255
675
-289
576
-1
185
-326
130
539
-100
132
189
-368
-1
657
168
11
-104
-320
-240
-138
296
-87
358
119
-445
617
251
696
-312
-65
-429
-183
-262
129
-274
-115
-517
-692
-828
-380
-542
-157
192
-442
924
-367
46
-254
176
223
-172
-362
-146
148
280
-632
198
477
189
273
589
361
21
25
-84
267
2
-158
-208
189
496
227
-36
46
203
327
75
-317
675
-724
6
-242
-26
-510
250
-577
-73
110
494
439
84
-34
-122
-97
-176
260
-320
151
-517
-277
202
-608
-321
-148
168
-476
-183
831
-10
453
507
-204
-31
0
-232
205
-361
-246
-78
-656
-402
-506
-181
-47
-233
-149
123
-151
-18
-449
68
-30
689
-129
-349
157
190
-194
459
301
264
-742
-95
361
-331
111
-475
-670
-171
35
-87
355
3
-156
-356
-230
159
-168
422
988
221
-406
-5
-84
-252
292
-786
384
-479
-238
-398
-81
406
254
623
-211
2
589
-38
-347
-399
-581
798
571
171
477
-14
438
-9
94
845
235
-284
95
-185
-313
51
-223
1
171
389
-26
259
75
476
-130
-803
526
-445
290
-71
741
-286
-507
30
-477
302
184
-38
219
-547
329
52
-2
594
-428
-429
-216
-685
-673
181
-176
-329
-113
-420
657
-285
376
-512
-721
-467
38
-593
-336
516
306
-131
-26
408
-233
-237
-545
848
-154
-172
142
-122
337
-99
225
-365
-67
42
-590
157
583
454
-193
-316
-182
291
163
-864
-82
-357
165
-484
828
23
269
-313
260
56
-373
117
625
-247
214
-234
-29
13
680
-207
-230
-630
-413
-156
601
-286
46
-467
-259
243
-1
-108
180
0
213
195
70
-709
318
-155
-183
397
-278
-132
429
-220
-501
-168
-220
-29
504
-34
481
809
629
286
-6
124
238
602
130
544
-92
360
-144
-777
119
577
73
138
655
356
287
230
-570
-9
-556
182
87
-205
554
-536
42
-71
51
39
785
-81
-778
177
512
486
437
-184
-141
-518
766
315
-371
667
-641
-109
-224
-664
-802
654
-209
-158
66
217
207
341
-83
-868
-358
-69
-119
-781
-497
184
-471
-635
-54
-801
270
-57
77
343
80
-38
-160
294
211
322
-82
73
-30
-698
365
-550
-539
-318
-795
355
-699
-547
39
-473
7
121
174
601
476
-65
-275
-810
-276
-617
-129
669
-266
-206
-160
181
432
329
-156
-266
-428
88
49
-196
-219
0
-829
-186
443
-8
-464
-10
-44
-324
-649
208
153
447
380
-619
-8
676
366
36
322
381
156
-238
-442
305
239
-271
-238
143
-20
137
-75
165
420
-567
361
-199
33
-244
782
104
157
-191
309
530
468
-629
-58
-517
-304
156
-284
-121
-307
-212
-630
83
699
269
-713
-115
172
-186
615
-23
111
971
-487
27
176
321
43
-345
-193
227
81
627
57
-356
104
51
-6
-222
7
70
438
-535
433
-83
119
-327
169
-77
-707
336
182
529
60
342
107
290
-20
618
-669
50
-25
-174
-8
626
79
754
289
-229
412
-442
-11
-689
412
192
-63
177
549
382
-667
333
-476
261
-613
22
204
-715
150
123
-266
184
-440
39
-38
103
-705
-272
142
465
-588
13
-248
-432
719
92
-166
373
712
-326
501
-379
-223
-10
413
148
-599
-75
-521
-157
-49
-47
-285
239
-172
-530
67
-272
-328
-151
244
364
258
-278
173
287
-251
241
18
139
113
11
97
-201
164
375
379
-115
698
52
141
-100
-145
-46
72
627
18
408
283
67
371
-282
5
-354
117
420
-555
680
782
243
-560
-103
-293
59
38
-106
-691
-21
-116
517
328
-658
-752
-510
207
-461
-753
-181
323
-41
669
247
-406
623
-139
-400
137
-128
-459
166
756
364
918
361
-225
334
-552
-548
-272
431
-516
227
-248
50
454
123
-199
-55
54
-122
-316
-12
25
536
-257
-299
-301
48
-749
-139
-125
45
371
-406
-458
357
619
-415
-136
-666
-26
-170
-489
86
-167
178
389
370
-634
-86
-208
-9
367
-688
383
681
-154
4
392
271
-574
244
482
-205
10
-661
256
-329
-240
-358
-193
-790
715
429
90
391
232
18
371
190
